BEEO_prototipo/app/build/intermediates/manifest_merge_blame_file/debug/processDebugMainManifest/manifest-merger-blame-debug-report.txt
1<?xml version="1.0" encoding="utf-8"?>
2<manifest xmlns:android="http://schemas.android.com/apk/res/android"
3    package="com.beeo.app"
4    android:versionCode="1"
5    android:versionName="1.0" >
6
7    <uses-sdk
8        android:minSdkVersion="26"
9        android:targetSdkVersion="34" />
10
11    <!-- Permissions -->
12    <uses-permission android:name="android.permission.ACTIVITY_RECOGNITION" />
12-->src\main\AndroidManifest.xml:5:5-79
12-->src\main\AndroidManifest.xml:5:22-76
13    <uses-permission android:name="android.permission.ACCESS_FINE_LOCATION" />
13-->src\main\AndroidManifest.xml:6:5-79
13-->src\main\AndroidManifest.xml:6:22-76
14    <uses-permission android:name="android.permission.ACCESS_COARSE_LOCATION" />
14-->src\main\AndroidManifest.xml:7:5-81
14-->src\main\AndroidManifest.xml:7:22-78
15    <uses-permission android:name="android.permission.ACCESS_BACKGROUND_LOCATION" />
15-->src\main\AndroidManifest.xml:8:5-85
15-->src\main\AndroidManifest.xml:8:22-82
16    <uses-permission android:name="android.permission.INTERNET" />
16-->src\main\AndroidManifest.xml:9:5-67
16-->src\main\AndroidManifest.xml:9:22-64
17    <uses-permission android:name="android.permission.ACCESS_NETWORK_STATE" />
17-->src\main\AndroidManifest.xml:10:5-79
17-->src\main\AndroidManifest.xml:10:22-76
18    <uses-permission android:name="android.permission.FOREGROUND_SERVICE" />
18-->src\main\AndroidManifest.xml:11:5-77
18-->src\main\AndroidManifest.xml:11:22-74
19    <uses-permission android:name="android.permission.FOREGROUND_SERVICE_LOCATION" />
19-->src\main\AndroidManifest.xml:12:5-86
19-->src\main\AndroidManifest.xml:12:22-83
20    <uses-permission android:name="android.permission.FOREGROUND_SERVICE_HEALTH" />
20-->src\main\AndroidManifest.xml:13:5-84
20-->src\main\AndroidManifest.xml:13:22-81
21    <uses-permission android:name="android.permission.POST_NOTIFICATIONS" />
21-->src\main\AndroidManifest.xml:14:5-77
21-->src\main\AndroidManifest.xml:14:22-74
22    <uses-permission android:name="android.permission.RECEIVE_BOOT_COMPLETED" />
22-->src\main\AndroidManifest.xml:15:5-81
22-->src\main\AndroidManifest.xml:15:22-78
23    <uses-permission android:name="android.permission.WAKE_LOCK" />
23-->src\main\AndroidManifest.xml:16:5-68
23-->src\main\AndroidManifest.xml:16:22-65
24    <uses-permission android:name="android.permission.SCHEDULE_EXACT_ALARM" />
24-->src\main\AndroidManifest.xml:17:5-79
24-->src\main\AndroidManifest.xml:17:22-76
25
26    <uses-feature
26-->src\main\AndroidManifest.xml:19:5-91
27        android:name="android.hardware.location.gps"
27-->src\main\AndroidManifest.xml:19:19-63
28        android:required="false" />
28-->src\main\AndroidManifest.xml:19:64-88
29
30    <permission
30-->[androidx.core:core:1.12.0] AndroidManifest.xml:22:5-24:47
31        android:name="com.beeo.app.DYNAMIC_RECEIVER_NOT_EXPORTED_PERMISSION"
31-->[androidx.core:core:1.12.0] AndroidManifest.xml:23:9-81
32        android:protectionLevel="signature" />
32-->[androidx.core:core:1.12.0] AndroidManifest.xml:24:9-44
33
34    <uses-permission android:name="com.beeo.app.DYNAMIC_RECEIVER_NOT_EXPORTED_PERMISSION" />
34-->[androidx.core:core:1.12.0] AndroidManifest.xml:26:5-97
34-->[androidx.core:core:1.12.0] AndroidManifest.xml:26:22-94
35
36    <supports-screens
36-->[org.osmdroid:osmdroid-android:6.1.18] AndroidManifest.xml:9:5-12:40
37        android:anyDensity="true"
37-->[org.osmdroid:osmdroid-android:6.1.18] AndroidManifest.xml:10:9-34
38        android:largeScreens="true"
38-->[org.osmdroid:osmdroid-android:6.1.18] AndroidManifest.xml:11:9-36
39        android:normalScreens="true" />
39-->[org.osmdroid:osmdroid-android:6.1.18] AndroidManifest.xml:12:9-37
40
41    <uses-feature
41-->[org.osmdroid:osmdroid-android:6.1.18] AndroidManifest.xml:14:5-16:36
42        android:name="android.hardware.location.network"
42-->[org.osmdroid:osmdroid-android:6.1.18] AndroidManifest.xml:15:9-57
43        android:required="false" />
43-->[org.osmdroid:osmdroid-android:6.1.18] AndroidManifest.xml:16:9-33
44    <uses-feature
44-->[org.osmdroid:osmdroid-android:6.1.18] AndroidManifest.xml:20:5-22:36
45        android:name="android.hardware.telephony"
45-->[org.osmdroid:osmdroid-android:6.1.18] AndroidManifest.xml:21:9-50
46        android:required="false" />
46-->[org.osmdroid:osmdroid-android:6.1.18] AndroidManifest.xml:22:9-33
47    <uses-feature
47-->[org.osmdroid:osmdroid-android:6.1.18] AndroidManifest.xml:23:5-25:36
48        android:name="android.hardware.wifi"
48-->[org.osmdroid:osmdroid-android:6.1.18] AndroidManifest.xml:24:9-45
49        android:required="false" />
49-->[org.osmdroid:osmdroid-android:6.1.18] AndroidManifest.xml:25:9-33
50
51    <application
51-->src\main\AndroidManifest.xml:21:5-78:19
52        android:name="com.beeo.app.BEEOApplication"
52-->src\main\AndroidManifest.xml:22:9-40
53        android:allowBackup="true"
53-->src\main\AndroidManifest.xml:23:9-35
54        android:appComponentFactory="androidx.core.app.CoreComponentFactory"
54-->[androidx.core:core:1.12.0] AndroidManifest.xml:28:18-86
55        android:debuggable="true"
56        android:extractNativeLibs="false"
57        android:icon="@mipmap/ic_launcher"
57-->src\main\AndroidManifest.xml:24:9-43
58        android:label="@string/app_name"
58-->src\main\AndroidManifest.xml:25:9-41
59        android:networkSecurityConfig="@xml/network_security_config"
59-->src\main\AndroidManifest.xml:30:9-69
60        android:roundIcon="@mipmap/ic_launcher_round"
60-->src\main\AndroidManifest.xml:26:9-54
61        android:supportsRtl="true"
61-->src\main\AndroidManifest.xml:27:9-35
62        android:theme="@style/Theme.BEEO"
62-->src\main\AndroidManifest.xml:28:9-42
63        android:usesCleartextTraffic="true" >
63-->src\main\AndroidManifest.xml:29:9-44
64        <activity
64-->src\main\AndroidManifest.xml:32:9-36:58
65            android:name="com.beeo.app.presentation.main.MainActivity"
65-->src\main\AndroidManifest.xml:33:13-59
66            android:exported="true"
66-->src\main\AndroidManifest.xml:34:13-36
67            android:launchMode="singleTop"
67-->src\main\AndroidManifest.xml:35:13-43
68            android:windowSoftInputMode="adjustResize" />
68-->src\main\AndroidManifest.xml:36:13-55
69        <activity
69-->src\main\AndroidManifest.xml:38:9-46:20
70            android:name="com.beeo.app.presentation.main.SplashActivity"
70-->src\main\AndroidManifest.xml:39:13-61
71            android:exported="true"
71-->src\main\AndroidManifest.xml:40:13-36
72            android:theme="@style/Theme.BEEO.Splash" >
72-->src\main\AndroidManifest.xml:41:13-53
73            <intent-filter>
73-->src\main\AndroidManifest.xml:42:13-45:29
74                <action android:name="android.intent.action.MAIN" />
74-->src\main\AndroidManifest.xml:43:17-69
74-->src\main\AndroidManifest.xml:43:25-66
75
76                <category android:name="android.intent.category.LAUNCHER" />
76-->src\main\AndroidManifest.xml:44:17-77
76-->src\main\AndroidManifest.xml:44:27-74
77            </intent-filter>
78        </activity>
79
80        <!-- Tracking Service -->
81        <service
81-->src\main\AndroidManifest.xml:49:9-52:40
82            android:name="com.beeo.app.service.TrackingService"
82-->src\main\AndroidManifest.xml:50:13-52
83            android:exported="false"
83-->src\main\AndroidManifest.xml:52:13-37
84            android:foregroundServiceType="location|health" />
84-->src\main\AndroidManifest.xml:51:13-60
85
86        <!-- Boot Receiver -->
87        <receiver
87-->src\main\AndroidManifest.xml:55:9-61:20
88            android:name="com.beeo.app.service.BootReceiver"
88-->src\main\AndroidManifest.xml:56:13-49
89            android:exported="true" >
89-->src\main\AndroidManifest.xml:57:13-36
90            <intent-filter>
90-->src\main\AndroidManifest.xml:58:13-60:29
91                <action android:name="android.intent.action.BOOT_COMPLETED" />
91-->src\main\AndroidManifest.xml:59:17-79
91-->src\main\AndroidManifest.xml:59:25-76
92            </intent-filter>
93        </receiver>
94
95        <!-- WorkManager initialization -->
96        <provider
97            android:name="androidx.startup.InitializationProvider"
97-->src\main\AndroidManifest.xml:65:13-67
98            android:authorities="com.beeo.app.androidx-startup"
98-->src\main\AndroidManifest.xml:66:13-68
99            android:exported="false" >
99-->src\main\AndroidManifest.xml:67:13-37
100            <meta-data
100-->src\main\AndroidManifest.xml:68:13-70:52
101                android:name="androidx.work.WorkManagerInitializer"
101-->src\main\AndroidManifest.xml:69:17-68
102                android:value="androidx.startup" />
102-->src\main\AndroidManifest.xml:70:17-49
103            <meta-data
103-->[androidx.emoji2:emoji2:1.2.0] AndroidManifest.xml:29:13-31:52
104                android:name="androidx.emoji2.text.EmojiCompatInitializer"
104-->[androidx.emoji2:emoji2:1.2.0] AndroidManifest.xml:30:17-75
105                android:value="androidx.startup" />
105-->[androidx.emoji2:emoji2:1.2.0] AndroidManifest.xml:31:17-49
106            <meta-data
106-->[androidx.lifecycle:lifecycle-process:2.7.0] AndroidManifest.xml:29:13-31:52
107                android:name="androidx.lifecycle.ProcessLifecycleInitializer"
107-->[androidx.lifecycle:lifecycle-process:2.7.0] AndroidManifest.xml:30:17-78
108                android:value="androidx.startup" />
108-->[androidx.lifecycle:lifecycle-process:2.7.0] AndroidManifest.xml:31:17-49
109            <meta-data
109-->[androidx.profileinstaller:profileinstaller:1.3.0] AndroidManifest.xml:29:13-31:52
110                android:name="androidx.profileinstaller.ProfileInstallerInitializer"
110-->[androidx.profileinstaller:profileinstaller:1.3.0] AndroidManifest.xml:30:17-85
111                android:value="androidx.startup" />
111-->[androidx.profileinstaller:profileinstaller:1.3.0] AndroidManifest.xml:31:17-49
112        </provider>
113
114        <!-- OSMDroid tile provider -->
115        <meta-data
115-->src\main\AndroidManifest.xml:74:9-76:40
116            android:name="osmdroid.userAgentValue"
116-->src\main\AndroidManifest.xml:75:13-51
117            android:value="BEEO/1.0" />
117-->src\main\AndroidManifest.xml:76:13-37
118
119        <activity
119-->[com.google.android.gms:play-services-base:18.1.0] AndroidManifest.xml:20:9-22:45
120            android:name="com.google.android.gms.common.api.GoogleApiActivity"
120-->[com.google.android.gms:play-services-base:18.1.0] AndroidManifest.xml:20:19-85
121            android:exported="false"
121-->[com.google.android.gms:play-services-base:18.1.0] AndroidManifest.xml:22:19-43
122            android:theme="@android:style/Theme.Translucent.NoTitleBar" />
122-->[com.google.android.gms:play-services-base:18.1.0] AndroidManifest.xml:21:19-78
123
124        <meta-data
124-->[com.google.android.gms:play-services-basement:18.1.0] AndroidManifest.xml:21:9-23:69
125            android:name="com.google.android.gms.version"
125-->[com.google.android.gms:play-services-basement:18.1.0] AndroidManifest.xml:22:13-58
126            android:value="@integer/google_play_services_version" />
126-->[com.google.android.gms:play-services-basement:18.1.0] AndroidManifest.xml:23:13-66
127
128        <service
128-->[androidx.work:work-runtime:2.9.0] AndroidManifest.xml:39:9-45:35
129            android:name="androidx.work.impl.background.systemalarm.SystemAlarmService"
129-->[androidx.work:work-runtime:2.9.0] AndroidManifest.xml:40:13-88
130            android:directBootAware="false"
130-->[androidx.work:work-runtime:2.9.0] AndroidManifest.xml:41:13-44
131            android:enabled="@bool/enable_system_alarm_service_default"
131-->[androidx.work:work-runtime:2.9.0] AndroidManifest.xml:42:13-72
132            android:exported="false" />
132-->[androidx.work:work-runtime:2.9.0] AndroidManifest.xml:43:13-37
133        <service
133-->[androidx.work:work-runtime:2.9.0] AndroidManifest.xml:46:9-52:35
134            android:name="androidx.work.impl.background.systemjob.SystemJobService"
134-->[androidx.work:work-runtime:2.9.0] AndroidManifest.xml:47:13-84
135            android:directBootAware="false"
135-->[androidx.work:work-runtime:2.9.0] AndroidManifest.xml:48:13-44
136            android:enabled="@bool/enable_system_job_service_default"
136-->[androidx.work:work-runtime:2.9.0] AndroidManifest.xml:49:13-70
137            android:exported="true"
137-->[androidx.work:work-runtime:2.9.0] AndroidManifest.xml:50:13-36
138            android:permission="android.permission.BIND_JOB_SERVICE" />
138-->[androidx.work:work-runtime:2.9.0] AndroidManifest.xml:51:13-69
139        <service
139-->[androidx.work:work-runtime:2.9.0] AndroidManifest.xml:53:9-59:35
140            android:name="androidx.work.impl.foreground.SystemForegroundService"
140-->[androidx.work:work-runtime:2.9.0] AndroidManifest.xml:54:13-81
141            android:directBootAware="false"
141-->[androidx.work:work-runtime:2.9.0] AndroidManifest.xml:55:13-44
142            android:enabled="@bool/enable_system_foreground_service_default"
142-->[androidx.work:work-runtime:2.9.0] AndroidManifest.xml:56:13-77
143            android:exported="false" />
143-->[androidx.work:work-runtime:2.9.0] AndroidManifest.xml:57:13-37
144
145        <receiver
145-->[androidx.work:work-runtime:2.9.0] AndroidManifest.xml:61:9-66:35
146            android:name="androidx.work.impl.utils.ForceStopRunnable$BroadcastReceiver"
146-->[androidx.work:work-runtime:2.9.0] AndroidManifest.xml:62:13-88
147            android:directBootAware="false"
147-->[androidx.work:work-runtime:2.9.0] AndroidManifest.xml:63:13-44
148            android:enabled="true"
148-->[androidx.work:work-runtime:2.9.0] AndroidManifest.xml:64:13-35
149            android:exported="false" />
149-->[androidx.work:work-runtime:2.9.0] AndroidManifest.xml:65:13-37
150        <receiver
150-->[androidx.work:work-runtime:2.9.0] AndroidManifest.xml:67:9-77:20
151            android:name="androidx.work.impl.background.systemalarm.ConstraintProxy$BatteryChargingProxy"
151-->[androidx.work:work-runtime:2.9.0] AndroidManifest.xml:68:13-106
152            android:directBootAware="false"
152-->[androidx.work:work-runtime:2.9.0] AndroidManifest.xml:69:13-44
153            android:enabled="false"
153-->[androidx.work:work-runtime:2.9.0] AndroidManifest.xml:70:13-36
154            android:exported="false" >
154-->[androidx.work:work-runtime:2.9.0] AndroidManifest.xml:71:13-37
155            <intent-filter>
155-->[androidx.work:work-runtime:2.9.0] AndroidManifest.xml:73:13-76:29
156                <action android:name="android.intent.action.ACTION_POWER_CONNECTED" />
156-->[androidx.work:work-runtime:2.9.0] AndroidManifest.xml:74:17-87
156-->[androidx.work:work-runtime:2.9.0] AndroidManifest.xml:74:25-84
157                <action android:name="android.intent.action.ACTION_POWER_DISCONNECTED" />
157-->[androidx.work:work-runtime:2.9.0] AndroidManifest.xml:75:17-90
157-->[androidx.work:work-runtime:2.9.0] AndroidManifest.xml:75:25-87
158            </intent-filter>
159        </receiver>
160        <receiver
160-->[androidx.work:work-runtime:2.9.0] AndroidManifest.xml:78:9-88:20
161            android:name="androidx.work.impl.background.systemalarm.ConstraintProxy$BatteryNotLowProxy"
161-->[androidx.work:work-runtime:2.9.0] AndroidManifest.xml:79:13-104
162            android:directBootAware="false"
162-->[androidx.work:work-runtime:2.9.0] AndroidManifest.xml:80:13-44
163            android:enabled="false"
163-->[androidx.work:work-runtime:2.9.0] AndroidManifest.xml:81:13-36
164            android:exported="false" >
164-->[androidx.work:work-runtime:2.9.0] AndroidManifest.xml:82:13-37
165            <intent-filter>
165-->[androidx.work:work-runtime:2.9.0] AndroidManifest.xml:84:13-87:29
166                <action android:name="android.intent.action.BATTERY_OKAY" />
166-->[androidx.work:work-runtime:2.9.0] AndroidManifest.xml:85:17-77
166-->[androidx.work:work-runtime:2.9.0] AndroidManifest.xml:85:25-74
167                <action android:name="android.intent.action.BATTERY_LOW" />
167-->[androidx.work:work-runtime:2.9.0] AndroidManifest.xml:86:17-76
167-->[androidx.work:work-runtime:2.9.0] AndroidManifest.xml:86:25-73
168            </intent-filter>
169        </receiver>
170        <receiver
170-->[androidx.work:work-runtime:2.9.0] AndroidManifest.xml:89:9-99:20
171            android:name="androidx.work.impl.background.systemalarm.ConstraintProxy$StorageNotLowProxy"
171-->[androidx.work:work-runtime:2.9.0] AndroidManifest.xml:90:13-104
172            android:directBootAware="false"
172-->[androidx.work:work-runtime:2.9.0] AndroidManifest.xml:91:13-44
173            android:enabled="false"
173-->[androidx.work:work-runtime:2.9.0] AndroidManifest.xml:92:13-36
174            android:exported="false" >
174-->[androidx.work:work-runtime:2.9.0] AndroidManifest.xml:93:13-37
175            <intent-filter>
175-->[androidx.work:work-runtime:2.9.0] AndroidManifest.xml:95:13-98:29
176                <action android:name="android.intent.action.DEVICE_STORAGE_LOW" />
176-->[androidx.work:work-runtime:2.9.0] AndroidManifest.xml:96:17-83
176-->[androidx.work:work-runtime:2.9.0] AndroidManifest.xml:96:25-80
177                <action android:name="android.intent.action.DEVICE_STORAGE_OK" />
177-->[androidx.work:work-runtime:2.9.0] AndroidManifest.xml:97:17-82
177-->[androidx.work:work-runtime:2.9.0] AndroidManifest.xml:97:25-79
178            </intent-filter>
179        </receiver>
180        <receiver
180-->[androidx.work:work-runtime:2.9.0] AndroidManifest.xml:100:9-109:20
181            android:name="androidx.work.impl.background.systemalarm.ConstraintProxy$NetworkStateProxy"
181-->[androidx.work:work-runtime:2.9.0] AndroidManifest.xml:101:13-103
182            android:directBootAware="false"
182-->[androidx.work:work-runtime:2.9.0] AndroidManifest.xml:102:13-44
183            android:enabled="false"
183-->[androidx.work:work-runtime:2.9.0] AndroidManifest.xml:103:13-36
184            android:exported="false" >
184-->[androidx.work:work-runtime:2.9.0] AndroidManifest.xml:104:13-37
185            <intent-filter>
185-->[androidx.work:work-runtime:2.9.0] AndroidManifest.xml:106:13-108:29
186                <action android:name="android.net.conn.CONNECTIVITY_CHANGE" />
186-->[androidx.work:work-runtime:2.9.0] AndroidManifest.xml:107:17-79
186-->[androidx.work:work-runtime:2.9.0] AndroidManifest.xml:107:25-76
187            </intent-filter>
188        </receiver>
189        <receiver
189-->[androidx.work:work-runtime:2.9.0] AndroidManifest.xml:110:9-121:20
190            android:name="androidx.work.impl.background.systemalarm.RescheduleReceiver"
190-->[androidx.work:work-runtime:2.9.0] AndroidManifest.xml:111:13-88
191            android:directBootAware="false"
191-->[androidx.work:work-runtime:2.9.0] AndroidManifest.xml:112:13-44
192            android:enabled="false"
192-->[androidx.work:work-runtime:2.9.0] AndroidManifest.xml:113:13-36
193            android:exported="false" >
193-->[androidx.work:work-runtime:2.9.0] AndroidManifest.xml:114:13-37
194            <intent-filter>
194-->[androidx.work:work-runtime:2.9.0] AndroidManifest.xml:116:13-120:29
195                <action android:name="android.intent.action.BOOT_COMPLETED" />
195-->src\main\AndroidManifest.xml:59:17-79
195-->src\main\AndroidManifest.xml:59:25-76
196                <action android:name="android.intent.action.TIME_SET" />
196-->[androidx.work:work-runtime:2.9.0] AndroidManifest.xml:118:17-73
196-->[androidx.work:work-runtime:2.9.0] AndroidManifest.xml:118:25-70
197                <action android:name="android.intent.action.TIMEZONE_CHANGED" />
197-->[androidx.work:work-runtime:2.9.0] AndroidManifest.xml:119:17-81
197-->[androidx.work:work-runtime:2.9.0] AndroidManifest.xml:119:25-78
198            </intent-filter>
199        </receiver>
200        <receiver
200-->[androidx.work:work-runtime:2.9.0] AndroidManifest.xml:122:9-131:20
201            android:name="androidx.work.impl.background.systemalarm.ConstraintProxyUpdateReceiver"
201-->[androidx.work:work-runtime:2.9.0] AndroidManifest.xml:123:13-99
202            android:directBootAware="false"
202-->[androidx.work:work-runtime:2.9.0] AndroidManifest.xml:124:13-44
203            android:enabled="@bool/enable_system_alarm_service_default"
203-->[androidx.work:work-runtime:2.9.0] AndroidManifest.xml:125:13-72
204            android:exported="false" >
204-->[androidx.work:work-runtime:2.9.0] AndroidManifest.xml:126:13-37
205            <intent-filter>
205-->[androidx.work:work-runtime:2.9.0] AndroidManifest.xml:128:13-130:29
206                <action android:name="androidx.work.impl.background.systemalarm.UpdateProxies" />
206-->[androidx.work:work-runtime:2.9.0] AndroidManifest.xml:129:17-98
206-->[androidx.work:work-runtime:2.9.0] AndroidManifest.xml:129:25-95
207            </intent-filter>
208        </receiver>
209        <receiver
209-->[androidx.work:work-runtime:2.9.0] AndroidManifest.xml:132:9-142:20
210            android:name="androidx.work.impl.diagnostics.DiagnosticsReceiver"
210-->[androidx.work:work-runtime:2.9.0] AndroidManifest.xml:133:13-78
211            android:directBootAware="false"
211-->[androidx.work:work-runtime:2.9.0] AndroidManifest.xml:134:13-44
212            android:enabled="true"
212-->[androidx.work:work-runtime:2.9.0] AndroidManifest.xml:135:13-35
213            android:exported="true"
213-->[androidx.work:work-runtime:2.9.0] AndroidManifest.xml:136:13-36
214            android:permission="android.permission.DUMP" >
214-->[androidx.work:work-runtime:2.9.0] AndroidManifest.xml:137:13-57
215            <intent-filter>
215-->[androidx.work:work-runtime:2.9.0] AndroidManifest.xml:139:13-141:29
216                <action android:name="androidx.work.diagnostics.REQUEST_DIAGNOSTICS" />
216-->[androidx.work:work-runtime:2.9.0] AndroidManifest.xml:140:17-88
216-->[androidx.work:work-runtime:2.9.0] AndroidManifest.xml:140:25-85
217            </intent-filter>
218        </receiver>
219
220        <uses-library
220-->[androidx.window:window:1.0.0] AndroidManifest.xml:25:9-27:40
221            android:name="androidx.window.extensions"
221-->[androidx.window:window:1.0.0] AndroidManifest.xml:26:13-54
222            android:required="false" />
222-->[androidx.window:window:1.0.0] AndroidManifest.xml:27:13-37
223        <uses-library
223-->[androidx.window:window:1.0.0] AndroidManifest.xml:28:9-30:40
224            android:name="androidx.window.sidecar"
224-->[androidx.window:window:1.0.0] AndroidManifest.xml:29:13-51
225            android:required="false" />
225-->[androidx.window:window:1.0.0] AndroidManifest.xml:30:13-37
226
227        <service
227-->[androidx.room:room-runtime:2.6.1] AndroidManifest.xml:24:9-28:63
228            android:name="androidx.room.MultiInstanceInvalidationService"
228-->[androidx.room:room-runtime:2.6.1] AndroidManifest.xml:25:13-74
229            android:directBootAware="true"
229-->[androidx.room:room-runtime:2.6.1] AndroidManifest.xml:26:13-43
230            android:exported="false" />
230-->[androidx.room:room-runtime:2.6.1] AndroidManifest.xml:27:13-37
231
232        <receiver
232-->[androidx.profileinstaller:profileinstaller:1.3.0] AndroidManifest.xml:34:9-52:20
233            android:name="androidx.profileinstaller.ProfileInstallReceiver"
233-->[androidx.profileinstaller:profileinstaller:1.3.0] AndroidManifest.xml:35:13-76
234            android:directBootAware="false"
234-->[androidx.profileinstaller:profileinstaller:1.3.0] AndroidManifest.xml:36:13-44
235            android:enabled="true"
235-->[androidx.profileinstaller:profileinstaller:1.3.0] AndroidManifest.xml:37:13-35
236            android:exported="true"
236-->[androidx.profileinstaller:profileinstaller:1.3.0] AndroidManifest.xml:38:13-36
237            android:permission="android.permission.DUMP" >
237-->[androidx.profileinstaller:profileinstaller:1.3.0] AndroidManifest.xml:39:13-57
238            <intent-filter>
238-->[androidx.profileinstaller:profileinstaller:1.3.0] AndroidManifest.xml:40:13-42:29
239                <action android:name="androidx.profileinstaller.action.INSTALL_PROFILE" />
239-->[androidx.profileinstaller:profileinstaller:1.3.0] AndroidManifest.xml:41:17-91
239-->[androidx.profileinstaller:profileinstaller:1.3.0] AndroidManifest.xml:41:25-88
240            </intent-filter>
241            <intent-filter>
241-->[androidx.profileinstaller:profileinstaller:1.3.0] AndroidManifest.xml:43:13-45:29
242                <action android:name="androidx.profileinstaller.action.SKIP_FILE" />
242-->[androidx.profileinstaller:profileinstaller:1.3.0] AndroidManifest.xml:44:17-85
242-->[androidx.profileinstaller:profileinstaller:1.3.0] AndroidManifest.xml:44:25-82
243            </intent-filter>
244            <intent-filter>
244-->[androidx.profileinstaller:profileinstaller:1.3.0] AndroidManifest.xml:46:13-48:29
245                <action android:name="androidx.profileinstaller.action.SAVE_PROFILE" />
245-->[androidx.profileinstaller:profileinstaller:1.3.0] AndroidManifest.xml:47:17-88
245-->[androidx.profileinstaller:profileinstaller:1.3.0] AndroidManifest.xml:47:25-85
246            </intent-filter>
247            <intent-filter>
247-->[androidx.profileinstaller:profileinstaller:1.3.0] AndroidManifest.xml:49:13-51:29
248                <action android:name="androidx.profileinstaller.action.BENCHMARK_OPERATION" />
248-->[androidx.profileinstaller:profileinstaller:1.3.0] AndroidManifest.xml:50:17-95
248-->[androidx.profileinstaller:profileinstaller:1.3.0] AndroidManifest.xml:50:25-92
249            </intent-filter>
250        </receiver>
251    </application>
252
253</manifest>